[2022-11-08 12:32:05] Error text: No connection to database | File: /var/www/app/src/Utils/Db.php | Line: 27
=================
[2022-11-08 12:32:06] Error text: There is no such class: "\App\Controller\Favicon.icoController" | File: /var/www/app/src/Utils/Router.php | Line: 48
=================
[2022-11-08 12:32:10] Error text: No connection to database | File: /var/www/app/src/Utils/Db.php | Line: 27
=================
[2022-11-08 12:32:46] Error text: No connection to database | File: /var/www/app/src/Utils/Db.php | Line: 27
=================
[2022-11-08 12:32:50] Error text: No connection to database | File: /var/www/app/src/Utils/Db.php | Line: 27
=================
[2022-11-08 12:32:51] Error text: No connection to database | File: /var/www/app/src/Utils/Db.php | Line: 27
=================
[2022-11-08 12:32:52] Error text: No connection to database | File: /var/www/app/src/Utils/Db.php | Line: 27
=================
[2022-11-08 12:32:53] Error text: No connection to database | File: /var/www/app/src/Utils/Db.php | Line: 27
=================
[2022-11-08 12:32:57] Error text: No connection to database | File: /var/www/app/src/Utils/Db.php | Line: 27
=================
[2022-11-08 12:32:58] Error text: No connection to database | File: /var/www/app/src/Utils/Db.php | Line: 27
=================
[2022-11-08 12:33:02] Error text: No connection to database | File: /var/www/app/src/Utils/Db.php | Line: 27
=================
[2022-11-08 12:33:14] Error text: No connection to database | File: /var/www/app/src/Utils/Db.php | Line: 27
=================
[2022-11-08 12:33:20] Error text: No connection to database | File: /var/www/app/src/Utils/Db.php | Line: 27
=================
[2022-11-08 12:50:47] Error text: Error, the text does not match the given parameters.File AddController.php | File: /var/www/app/src/Controller/AddController.php | Line: 148
=================
[2022-11-08 13:18:18] Error text: Error, the type does not match the given parameters.File AddController.php | File: /var/www/app/src/Controller/AddController.php | Line: 126
=================
[2022-11-08 13:22:15] Error text: Error, the themes does not match the given parameters.File AddController.php | File: /var/www/app/src/Controller/AddController.php | Line: 132
=================
[2022-11-08 13:40:20] Error text: No method: "js" in class: "\App\Controller\EditController" | File: /var/www/app/src/Utils/Router.php | Line: 63
=================
[2022-11-08 13:40:20] Error text: No method: "js" in class: "\App\Controller\EditController" | File: /var/www/app/src/Utils/Router.php | Line: 63
=================
[2022-11-08 13:40:20] Error text: No method: "js" in class: "\App\Controller\EditController" | File: /var/www/app/src/Utils/Router.php | Line: 63
=================
